{"code":"ECONNREFUSED","level":"error","message":"Redis Client Error:","stack":"AggregateError [ECONNREFUSED]: \n    at internalConnectMultiple (node:net:1139:18)\n    at afterConnectMultiple (node:net:1712:7)","timestamp":"2025-11-13 14:13:35"}
{"code":"ECONNREFUSED","level":"error","message":"Redis Client Error:","stack":"AggregateError [ECONNREFUSED]: \n    at internalConnectMultiple (node:net:1139:18)\n    at afterConnectMultiple (node:net:1712:7)","timestamp":"2025-11-13 14:13:35"}
{"code":"ECONNREFUSED","level":"error","message":"Redis Client Error:","stack":"AggregateError [ECONNREFUSED]: \n    at internalConnectMultiple (node:net:1139:18)\n    at afterConnectMultiple (node:net:1712:7)","timestamp":"2025-11-13 14:13:35"}
{"code":"ECONNREFUSED","level":"error","message":"Redis Client Error:","stack":"AggregateError [ECONNREFUSED]: \n    at internalConnectMultiple (node:net:1139:18)\n    at afterConnectMultiple (node:net:1712:7)","timestamp":"2025-11-13 14:13:35"}
{"code":"ECONNREFUSED","level":"error","message":"Redis Client Error:","stack":"AggregateError [ECONNREFUSED]: \n    at internalConnectMultiple (node:net:1139:18)\n    at afterConnectMultiple (node:net:1712:7)","timestamp":"2025-11-13 14:13:36"}
{"code":"ECONNREFUSED","level":"error","message":"Redis Client Error:","stack":"AggregateError [ECONNREFUSED]: \n    at internalConnectMultiple (node:net:1139:18)\n    at afterConnectMultiple (node:net:1712:7)","timestamp":"2025-11-13 14:13:36"}
{"code":"ECONNREFUSED","level":"error","message":"Redis Client Error:","stack":"AggregateError [ECONNREFUSED]: \n    at internalConnectMultiple (node:net:1139:18)\n    at afterConnectMultiple (node:net:1712:7)","timestamp":"2025-11-13 14:13:36"}
{"code":"ECONNREFUSED","level":"error","message":"Redis Client Error:","stack":"AggregateError [ECONNREFUSED]: \n    at internalConnectMultiple (node:net:1139:18)\n    at afterConnectMultiple (node:net:1712:7)","timestamp":"2025-11-13 14:13:36"}
{"code":"ECONNREFUSED","level":"error","message":"Redis Client Error:","stack":"AggregateError [ECONNREFUSED]: \n    at internalConnectMultiple (node:net:1139:18)\n    at afterConnectMultiple (node:net:1712:7)","timestamp":"2025-11-13 14:13:37"}
{"code":"ECONNREFUSED","level":"error","message":"Redis Client Error:","stack":"AggregateError [ECONNREFUSED]: \n    at internalConnectMultiple (node:net:1139:18)\n    at afterConnectMultiple (node:net:1712:7)","timestamp":"2025-11-13 14:13:37"}
{"code":"ECONNREFUSED","level":"error","message":"Redis Client Error:","stack":"AggregateError [ECONNREFUSED]: \n    at internalConnectMultiple (node:net:1139:18)\n    at afterConnectMultiple (node:net:1712:7)","timestamp":"2025-11-13 14:13:38"}
{"code":"ECONNREFUSED","level":"error","message":"Redis Client Error:","stack":"AggregateError [ECONNREFUSED]: \n    at internalConnectMultiple (node:net:1139:18)\n    at afterConnectMultiple (node:net:1712:7)","timestamp":"2025-11-13 14:13:38"}
{"code":"ECONNREFUSED","level":"error","message":"Redis Client Error:","stack":"AggregateError [ECONNREFUSED]: \n    at internalConnectMultiple (node:net:1139:18)\n    at afterConnectMultiple (node:net:1712:7)","timestamp":"2025-11-13 14:13:39"}
{"code":"ECONNREFUSED","level":"error","message":"Redis Client Error:","stack":"AggregateError [ECONNREFUSED]: \n    at internalConnectMultiple (node:net:1139:18)\n    at afterConnectMultiple (node:net:1712:7)","timestamp":"2025-11-13 14:13:39"}
{"code":"ECONNREFUSED","level":"error","message":"Redis Client Error:","stack":"AggregateError [ECONNREFUSED]: \n    at internalConnectMultiple (node:net:1139:18)\n    at afterConnectMultiple (node:net:1712:7)","timestamp":"2025-11-13 14:13:40"}
{"code":"ECONNREFUSED","level":"error","message":"Redis Client Error:","stack":"AggregateError [ECONNREFUSED]: \n    at internalConnectMultiple (node:net:1139:18)\n    at afterConnectMultiple (node:net:1712:7)","timestamp":"2025-11-13 14:13:40"}
{"code":"ECONNREFUSED","level":"error","message":"Redis Client Error:","stack":"AggregateError [ECONNREFUSED]: \n    at internalConnectMultiple (node:net:1139:18)\n    at afterConnectMultiple (node:net:1712:7)","timestamp":"2025-11-13 14:13:41"}
{"code":"ECONNREFUSED","level":"error","message":"Redis Client Error:","stack":"AggregateError [ECONNREFUSED]: \n    at internalConnectMultiple (node:net:1139:18)\n    at afterConnectMultiple (node:net:1712:7)","timestamp":"2025-11-13 14:13:41"}
{"code":"ECONNREFUSED","level":"error","message":"Redis Client Error:","stack":"AggregateError [ECONNREFUSED]: \n    at internalConnectMultiple (node:net:1139:18)\n    at afterConnectMultiple (node:net:1712:7)","timestamp":"2025-11-13 14:13:42"}
{"code":"ECONNREFUSED","level":"error","message":"Redis Client Error:","stack":"AggregateError [ECONNREFUSED]: \n    at internalConnectMultiple (node:net:1139:18)\n    at afterConnectMultiple (node:net:1712:7)","timestamp":"2025-11-13 14:13:42"}
{"code":"ECONNREFUSED","level":"error","message":"Redis Client Error:","stack":"AggregateError [ECONNREFUSED]: \n    at internalConnectMultiple (node:net:1139:18)\n    at afterConnectMultiple (node:net:1712:7)","timestamp":"2025-11-13 14:13:43"}
{"code":"ECONNREFUSED","level":"error","message":"Redis Client Error:","stack":"AggregateError [ECONNREFUSED]: \n    at internalConnectMultiple (node:net:1139:18)\n    at afterConnectMultiple (node:net:1712:7)","timestamp":"2025-11-13 14:13:43"}
{"code":"ECONNREFUSED","level":"error","message":"Redis Client Error:","stack":"AggregateError [ECONNREFUSED]: \n    at internalConnectMultiple (node:net:1139:18)\n    at afterConnectMultiple (node:net:1712:7)","timestamp":"2025-11-13 14:13:44"}
{"code":"ECONNREFUSED","level":"error","message":"Redis Client Error:","stack":"AggregateError [ECONNREFUSED]: \n    at internalConnectMultiple (node:net:1139:18)\n    at afterConnectMultiple (node:net:1712:7)","timestamp":"2025-11-13 14:13:44"}
{"code":"ECONNREFUSED","level":"error","message":"Redis Client Error:","stack":"AggregateError [ECONNREFUSED]: \n    at internalConnectMultiple (node:net:1139:18)\n    at afterConnectMultiple (node:net:1712:7)","timestamp":"2025-11-13 14:13:45"}
{"code":"ECONNREFUSED","level":"error","message":"Redis Client Error:","stack":"AggregateError [ECONNREFUSED]: \n    at internalConnectMultiple (node:net:1139:18)\n    at afterConnectMultiple (node:net:1712:7)","timestamp":"2025-11-13 14:13:45"}
{"code":"ECONNREFUSED","level":"error","message":"Redis Client Error:","stack":"AggregateError [ECONNREFUSED]: \n    at internalConnectMultiple (node:net:1139:18)\n    at afterConnectMultiple (node:net:1712:7)","timestamp":"2025-11-13 14:13:46"}
{"code":"ECONNREFUSED","level":"error","message":"Redis Client Error:","stack":"AggregateError [ECONNREFUSED]: \n    at internalConnectMultiple (node:net:1139:18)\n    at afterConnectMultiple (node:net:1712:7)","timestamp":"2025-11-13 14:13:46"}
{"code":"ECONNREFUSED","level":"error","message":"Redis Client Error:","stack":"AggregateError [ECONNREFUSED]: \n    at internalConnectMultiple (node:net:1139:18)\n    at afterConnectMultiple (node:net:1712:7)","timestamp":"2025-11-13 14:13:47"}
{"code":"ECONNREFUSED","level":"error","message":"Redis Client Error:","stack":"AggregateError [ECONNREFUSED]: \n    at internalConnectMultiple (node:net:1139:18)\n    at afterConnectMultiple (node:net:1712:7)","timestamp":"2025-11-13 14:13:47"}
{"code":"ECONNREFUSED","level":"error","message":"Redis Client Error:","stack":"AggregateError [ECONNREFUSED]: \n    at internalConnectMultiple (node:net:1139:18)\n    at afterConnectMultiple (node:net:1712:7)","timestamp":"2025-11-13 14:13:48"}
{"code":"ECONNREFUSED","level":"error","message":"Redis Client Error:","stack":"AggregateError [ECONNREFUSED]: \n    at internalConnectMultiple (node:net:1139:18)\n    at afterConnectMultiple (node:net:1712:7)","timestamp":"2025-11-13 14:13:48"}
{"code":"ECONNREFUSED","level":"error","message":"Redis Client Error:","stack":"AggregateError [ECONNREFUSED]: \n    at internalConnectMultiple (node:net:1139:18)\n    at afterConnectMultiple (node:net:1712:7)","timestamp":"2025-11-13 14:13:49"}
{"code":"ECONNREFUSED","level":"error","message":"Redis Client Error:","stack":"AggregateError [ECONNREFUSED]: \n    at internalConnectMultiple (node:net:1139:18)\n    at afterConnectMultiple (node:net:1712:7)","timestamp":"2025-11-13 14:13:49"}
{"code":"ECONNREFUSED","level":"error","message":"Redis Client Error:","stack":"AggregateError [ECONNREFUSED]: \n    at internalConnectMultiple (node:net:1139:18)\n    at afterConnectMultiple (node:net:1712:7)","timestamp":"2025-11-13 14:13:50"}
{"code":"ECONNREFUSED","level":"error","message":"Redis Client Error:","stack":"AggregateError [ECONNREFUSED]: \n    at internalConnectMultiple (node:net:1139:18)\n    at afterConnectMultiple (node:net:1712:7)","timestamp":"2025-11-13 14:13:51"}
{"code":"ECONNREFUSED","level":"error","message":"Redis Client Error:","stack":"AggregateError [ECONNREFUSED]: \n    at internalConnectMultiple (node:net:1139:18)\n    at afterConnectMultiple (node:net:1712:7)","timestamp":"2025-11-13 14:13:51"}
{"code":"ECONNREFUSED","level":"error","message":"Redis Client Error:","stack":"AggregateError [ECONNREFUSED]: \n    at internalConnectMultiple (node:net:1139:18)\n    at afterConnectMultiple (node:net:1712:7)","timestamp":"2025-11-13 14:13:52"}
{"code":"ECONNREFUSED","level":"error","message":"Redis Client Error:","stack":"AggregateError [ECONNREFUSED]: \n    at internalConnectMultiple (node:net:1139:18)\n    at afterConnectMultiple (node:net:1712:7)","timestamp":"2025-11-13 14:13:52"}
{"code":"ECONNREFUSED","level":"error","message":"Redis Client Error:","stack":"AggregateError [ECONNREFUSED]: \n    at internalConnectMultiple (node:net:1139:18)\n    at afterConnectMultiple (node:net:1712:7)","timestamp":"2025-11-13 14:13:53"}
{"code":"ECONNREFUSED","level":"error","message":"Redis Client Error:","stack":"AggregateError [ECONNREFUSED]: \n    at internalConnectMultiple (node:net:1139:18)\n    at afterConnectMultiple (node:net:1712:7)","timestamp":"2025-11-13 14:13:53"}
{"code":"ECONNREFUSED","level":"error","message":"Redis Client Error:","stack":"AggregateError [ECONNREFUSED]: \n    at internalConnectMultiple (node:net:1139:18)\n    at afterConnectMultiple (node:net:1712:7)","timestamp":"2025-11-13 14:13:54"}
{"code":"ECONNREFUSED","level":"error","message":"Redis Client Error:","stack":"AggregateError [ECONNREFUSED]: \n    at internalConnectMultiple (node:net:1139:18)\n    at afterConnectMultiple (node:net:1712:7)","timestamp":"2025-11-13 14:13:54"}
{"code":"ECONNREFUSED","level":"error","message":"Redis Client Error:","stack":"AggregateError [ECONNREFUSED]: \n    at internalConnectMultiple (node:net:1139:18)\n    at afterConnectMultiple (node:net:1712:7)","timestamp":"2025-11-13 14:13:55"}
{"code":"ECONNREFUSED","level":"error","message":"Redis Client Error:","stack":"AggregateError [ECONNREFUSED]: \n    at internalConnectMultiple (node:net:1139:18)\n    at afterConnectMultiple (node:net:1712:7)","timestamp":"2025-11-13 14:13:55"}
{"code":"ECONNREFUSED","level":"error","message":"Redis Client Error:","stack":"AggregateError [ECONNREFUSED]: \n    at internalConnectMultiple (node:net:1139:18)\n    at afterConnectMultiple (node:net:1712:7)","timestamp":"2025-11-13 14:13:56"}
{"code":"ECONNREFUSED","level":"error","message":"Redis Client Error:","stack":"AggregateError [ECONNREFUSED]: \n    at internalConnectMultiple (node:net:1139:18)\n    at afterConnectMultiple (node:net:1712:7)","timestamp":"2025-11-13 14:13:56"}
{"code":"ECONNREFUSED","level":"error","message":"Redis Client Error:","stack":"AggregateError [ECONNREFUSED]: \n    at internalConnectMultiple (node:net:1139:18)\n    at afterConnectMultiple (node:net:1712:7)","timestamp":"2025-11-13 14:13:57"}
{"code":"ECONNREFUSED","level":"error","message":"Redis Client Error:","stack":"AggregateError [ECONNREFUSED]: \n    at internalConnectMultiple (node:net:1139:18)\n    at afterConnectMultiple (node:net:1712:7)","timestamp":"2025-11-13 14:13:57"}
{"code":"ECONNREFUSED","level":"error","message":"Redis Client Error:","stack":"AggregateError [ECONNREFUSED]: \n    at internalConnectMultiple (node:net:1139:18)\n    at afterConnectMultiple (node:net:1712:7)","timestamp":"2025-11-13 14:13:58"}
{"code":"ECONNREFUSED","level":"error","message":"Redis Client Error:","stack":"AggregateError [ECONNREFUSED]: \n    at internalConnectMultiple (node:net:1139:18)\n    at afterConnectMultiple (node:net:1712:7)","timestamp":"2025-11-13 14:13:58"}
{"code":"ECONNREFUSED","level":"error","message":"Redis Client Error:","stack":"AggregateError [ECONNREFUSED]: \n    at internalConnectMultiple (node:net:1139:18)\n    at afterConnectMultiple (node:net:1712:7)","timestamp":"2025-11-13 14:13:59"}
{"code":"ECONNREFUSED","level":"error","message":"Redis Client Error:","stack":"AggregateError [ECONNREFUSED]: \n    at internalConnectMultiple (node:net:1139:18)\n    at afterConnectMultiple (node:net:1712:7)","timestamp":"2025-11-13 14:13:59"}
{"code":"ECONNREFUSED","level":"error","message":"Redis Client Error:","stack":"AggregateError [ECONNREFUSED]: \n    at internalConnectMultiple (node:net:1139:18)\n    at afterConnectMultiple (node:net:1712:7)","timestamp":"2025-11-13 14:14:00"}
{"code":"ECONNREFUSED","level":"error","message":"Redis Client Error:","stack":"AggregateError [ECONNREFUSED]: \n    at internalConnectMultiple (node:net:1139:18)\n    at afterConnectMultiple (node:net:1712:7)","timestamp":"2025-11-13 14:14:00"}
{"code":"ECONNREFUSED","level":"error","message":"Redis Client Error:","stack":"AggregateError [ECONNREFUSED]: \n    at internalConnectMultiple (node:net:1139:18)\n    at afterConnectMultiple (node:net:1712:7)","timestamp":"2025-11-13 14:14:01"}
{"code":"ECONNREFUSED","level":"error","message":"Redis Client Error:","stack":"AggregateError [ECONNREFUSED]: \n    at internalConnectMultiple (node:net:1139:18)\n    at afterConnectMultiple (node:net:1712:7)","timestamp":"2025-11-13 14:14:01"}
{"code":"ECONNREFUSED","level":"error","message":"Redis Client Error:","stack":"AggregateError [ECONNREFUSED]: \n    at internalConnectMultiple (node:net:1139:18)\n    at afterConnectMultiple (node:net:1712:7)","timestamp":"2025-11-13 14:14:02"}
{"code":"ECONNREFUSED","level":"error","message":"Redis Client Error:","stack":"AggregateError [ECONNREFUSED]: \n    at internalConnectMultiple (node:net:1139:18)\n    at afterConnectMultiple (node:net:1712:7)","timestamp":"2025-11-13 14:14:02"}
{"code":"ECONNREFUSED","level":"error","message":"Redis Client Error:","stack":"AggregateError [ECONNREFUSED]: \n    at internalConnectMultiple (node:net:1139:18)\n    at afterConnectMultiple (node:net:1712:7)","timestamp":"2025-11-13 14:14:03"}
{"code":"ECONNREFUSED","level":"error","message":"Redis Client Error:","stack":"AggregateError [ECONNREFUSED]: \n    at internalConnectMultiple (node:net:1139:18)\n    at afterConnectMultiple (node:net:1712:7)","timestamp":"2025-11-13 14:14:03"}
{"code":"ECONNREFUSED","level":"error","message":"Redis Client Error:","stack":"AggregateError [ECONNREFUSED]: \n    at internalConnectMultiple (node:net:1139:18)\n    at afterConnectMultiple (node:net:1712:7)","timestamp":"2025-11-13 14:14:04"}
{"code":"ECONNREFUSED","level":"error","message":"Redis Client Error:","stack":"AggregateError [ECONNREFUSED]: \n    at internalConnectMultiple (node:net:1139:18)\n    at afterConnectMultiple (node:net:1712:7)","timestamp":"2025-11-13 14:14:04"}
{"code":"ECONNREFUSED","level":"error","message":"Redis Client Error:","stack":"AggregateError [ECONNREFUSED]: \n    at internalConnectMultiple (node:net:1139:18)\n    at afterConnectMultiple (node:net:1712:7)","timestamp":"2025-11-13 14:14:05"}
{"code":"ECONNREFUSED","level":"error","message":"Redis Client Error:","stack":"AggregateError [ECONNREFUSED]: \n    at internalConnectMultiple (node:net:1139:18)\n    at afterConnectMultiple (node:net:1712:7)","timestamp":"2025-11-13 14:14:05"}
{"code":"ECONNREFUSED","level":"error","message":"Redis Client Error:","stack":"AggregateError [ECONNREFUSED]: \n    at internalConnectMultiple (node:net:1139:18)\n    at afterConnectMultiple (node:net:1712:7)","timestamp":"2025-11-13 14:14:06"}
{"code":"ECONNREFUSED","level":"error","message":"Redis Client Error:","stack":"AggregateError [ECONNREFUSED]: \n    at internalConnectMultiple (node:net:1139:18)\n    at afterConnectMultiple (node:net:1712:7)","timestamp":"2025-11-13 14:14:06"}
{"code":"ECONNREFUSED","level":"error","message":"Redis Client Error:","stack":"AggregateError [ECONNREFUSED]: \n    at internalConnectMultiple (node:net:1139:18)\n    at afterConnectMultiple (node:net:1712:7)","timestamp":"2025-11-13 14:14:07"}
{"code":"ECONNREFUSED","level":"error","message":"Redis Client Error:","stack":"AggregateError [ECONNREFUSED]: \n    at internalConnectMultiple (node:net:1139:18)\n    at afterConnectMultiple (node:net:1712:7)","timestamp":"2025-11-13 14:14:07"}
{"code":"ECONNREFUSED","level":"error","message":"Redis Client Error:","stack":"AggregateError [ECONNREFUSED]: \n    at internalConnectMultiple (node:net:1139:18)\n    at afterConnectMultiple (node:net:1712:7)","timestamp":"2025-11-13 14:14:08"}
{"code":"ECONNREFUSED","level":"error","message":"Redis Client Error:","stack":"AggregateError [ECONNREFUSED]: \n    at internalConnectMultiple (node:net:1139:18)\n    at afterConnectMultiple (node:net:1712:7)","timestamp":"2025-11-13 14:14:09"}
{"code":"ECONNREFUSED","level":"error","message":"Redis Client Error:","stack":"AggregateError [ECONNREFUSED]: \n    at internalConnectMultiple (node:net:1139:18)\n    at afterConnectMultiple (node:net:1712:7)","timestamp":"2025-11-13 14:14:09"}
{"code":"ECONNREFUSED","level":"error","message":"Redis Client Error:","stack":"AggregateError [ECONNREFUSED]: \n    at internalConnectMultiple (node:net:1139:18)\n    at afterConnectMultiple (node:net:1712:7)","timestamp":"2025-11-13 14:14:10"}
{"code":"ECONNREFUSED","level":"error","message":"Redis Client Error:","stack":"AggregateError [ECONNREFUSED]: \n    at internalConnectMultiple (node:net:1139:18)\n    at afterConnectMultiple (node:net:1712:7)","timestamp":"2025-11-13 14:14:10"}
{"code":"ECONNREFUSED","level":"error","message":"Redis Client Error:","stack":"AggregateError [ECONNREFUSED]: \n    at internalConnectMultiple (node:net:1139:18)\n    at afterConnectMultiple (node:net:1712:7)","timestamp":"2025-11-13 14:14:11"}
{"code":"ECONNREFUSED","level":"error","message":"Redis Client Error:","stack":"AggregateError [ECONNREFUSED]: \n    at internalConnectMultiple (node:net:1139:18)\n    at afterConnectMultiple (node:net:1712:7)","timestamp":"2025-11-13 14:14:11"}
{"code":"ECONNREFUSED","level":"error","message":"Redis Client Error:","stack":"AggregateError [ECONNREFUSED]: \n    at internalConnectMultiple (node:net:1139:18)\n    at afterConnectMultiple (node:net:1712:7)","timestamp":"2025-11-13 14:14:12"}
{"code":"ECONNREFUSED","level":"error","message":"Redis Client Error:","stack":"AggregateError [ECONNREFUSED]: \n    at internalConnectMultiple (node:net:1139:18)\n    at afterConnectMultiple (node:net:1712:7)","timestamp":"2025-11-13 14:14:12"}
{"code":"ECONNREFUSED","level":"error","message":"Redis Client Error:","stack":"AggregateError [ECONNREFUSED]: \n    at internalConnectMultiple (node:net:1139:18)\n    at afterConnectMultiple (node:net:1712:7)","timestamp":"2025-11-13 14:14:13"}
{"code":"ECONNREFUSED","level":"error","message":"Redis Client Error:","stack":"AggregateError [ECONNREFUSED]: \n    at internalConnectMultiple (node:net:1139:18)\n    at afterConnectMultiple (node:net:1712:7)","timestamp":"2025-11-13 14:14:13"}
{"code":"ECONNREFUSED","level":"error","message":"Redis Client Error:","stack":"AggregateError [ECONNREFUSED]: \n    at internalConnectMultiple (node:net:1139:18)\n    at afterConnectMultiple (node:net:1712:7)","timestamp":"2025-11-13 14:14:14"}
{"code":"ECONNREFUSED","level":"error","message":"Redis Client Error:","stack":"AggregateError [ECONNREFUSED]: \n    at internalConnectMultiple (node:net:1139:18)\n    at afterConnectMultiple (node:net:1712:7)","timestamp":"2025-11-13 14:14:14"}
{"code":"ECONNREFUSED","level":"error","message":"Redis Client Error:","stack":"AggregateError [ECONNREFUSED]: \n    at internalConnectMultiple (node:net:1139:18)\n    at afterConnectMultiple (node:net:1712:7)","timestamp":"2025-11-13 14:14:15"}
{"code":"ECONNREFUSED","level":"error","message":"Redis Client Error:","stack":"AggregateError [ECONNREFUSED]: \n    at internalConnectMultiple (node:net:1139:18)\n    at afterConnectMultiple (node:net:1712:7)","timestamp":"2025-11-13 14:14:15"}
{"code":"ECONNREFUSED","level":"error","message":"Redis Client Error:","stack":"AggregateError [ECONNREFUSED]: \n    at internalConnectMultiple (node:net:1139:18)\n    at afterConnectMultiple (node:net:1712:7)","timestamp":"2025-11-13 14:14:16"}
{"code":"ECONNREFUSED","level":"error","message":"Redis Client Error:","stack":"AggregateError [ECONNREFUSED]: \n    at internalConnectMultiple (node:net:1139:18)\n    at afterConnectMultiple (node:net:1712:7)","timestamp":"2025-11-13 14:14:16"}
{"code":"ECONNREFUSED","level":"error","message":"Redis Client Error:","stack":"AggregateError [ECONNREFUSED]: \n    at internalConnectMultiple (node:net:1139:18)\n    at afterConnectMultiple (node:net:1712:7)","timestamp":"2025-11-13 14:14:17"}
{"code":"ECONNREFUSED","level":"error","message":"Redis Client Error:","stack":"AggregateError [ECONNREFUSED]: \n    at internalConnectMultiple (node:net:1139:18)\n    at afterConnectMultiple (node:net:1712:7)","timestamp":"2025-11-13 14:14:17"}
{"code":"ECONNREFUSED","level":"error","message":"Redis Client Error:","stack":"AggregateError [ECONNREFUSED]: \n    at internalConnectMultiple (node:net:1139:18)\n    at afterConnectMultiple (node:net:1712:7)","timestamp":"2025-11-13 14:14:18"}
{"code":"ECONNREFUSED","level":"error","message":"Redis Client Error:","stack":"AggregateError [ECONNREFUSED]: \n    at internalConnectMultiple (node:net:1139:18)\n    at afterConnectMultiple (node:net:1712:7)","timestamp":"2025-11-13 14:14:18"}
{"code":"ECONNREFUSED","level":"error","message":"Redis Client Error:","stack":"AggregateError [ECONNREFUSED]: \n    at internalConnectMultiple (node:net:1139:18)\n    at afterConnectMultiple (node:net:1712:7)","timestamp":"2025-11-13 14:14:19"}
{"code":"ECONNREFUSED","level":"error","message":"Redis Client Error:","stack":"AggregateError [ECONNREFUSED]: \n    at internalConnectMultiple (node:net:1139:18)\n    at afterConnectMultiple (node:net:1712:7)","timestamp":"2025-11-13 14:14:19"}
{"code":"ECONNREFUSED","level":"error","message":"Redis Client Error:","stack":"AggregateError [ECONNREFUSED]: \n    at internalConnectMultiple (node:net:1139:18)\n    at afterConnectMultiple (node:net:1712:7)","timestamp":"2025-11-13 14:14:20"}
{"code":"ECONNREFUSED","level":"error","message":"Redis Client Error:","stack":"AggregateError [ECONNREFUSED]: \n    at internalConnectMultiple (node:net:1139:18)\n    at afterConnectMultiple (node:net:1712:7)","timestamp":"2025-11-13 14:14:20"}
{"code":"ECONNREFUSED","level":"error","message":"Redis Client Error:","stack":"AggregateError [ECONNREFUSED]: \n    at internalConnectMultiple (node:net:1139:18)\n    at afterConnectMultiple (node:net:1712:7)","timestamp":"2025-11-13 14:14:21"}
{"code":"ECONNREFUSED","level":"error","message":"Redis Client Error:","stack":"AggregateError [ECONNREFUSED]: \n    at internalConnectMultiple (node:net:1139:18)\n    at afterConnectMultiple (node:net:1712:7)","timestamp":"2025-11-13 14:14:21"}
{"code":"ECONNREFUSED","level":"error","message":"Redis Client Error:","stack":"AggregateError [ECONNREFUSED]: \n    at internalConnectMultiple (node:net:1139:18)\n    at afterConnectMultiple (node:net:1712:7)","timestamp":"2025-11-13 14:14:22"}
{"code":"ECONNREFUSED","level":"error","message":"Redis Client Error:","stack":"AggregateError [ECONNREFUSED]: \n    at internalConnectMultiple (node:net:1139:18)\n    at afterConnectMultiple (node:net:1712:7)","timestamp":"2025-11-13 14:14:22"}
{"code":"ECONNREFUSED","level":"error","message":"Redis Client Error:","stack":"AggregateError [ECONNREFUSED]: \n    at internalConnectMultiple (node:net:1139:18)\n    at afterConnectMultiple (node:net:1712:7)","timestamp":"2025-11-13 14:14:23"}
{"code":"ECONNREFUSED","level":"error","message":"Redis Client Error:","stack":"AggregateError [ECONNREFUSED]: \n    at internalConnectMultiple (node:net:1139:18)\n    at afterConnectMultiple (node:net:1712:7)","timestamp":"2025-11-13 14:14:23"}
{"code":"ECONNREFUSED","level":"error","message":"Redis Client Error:","stack":"AggregateError [ECONNREFUSED]: \n    at internalConnectMultiple (node:net:1139:18)\n    at afterConnectMultiple (node:net:1712:7)","timestamp":"2025-11-13 14:14:24"}
{"code":"ECONNREFUSED","level":"error","message":"Redis Client Error:","stack":"AggregateError [ECONNREFUSED]: \n    at internalConnectMultiple (node:net:1139:18)\n    at afterConnectMultiple (node:net:1712:7)","timestamp":"2025-11-13 14:14:24"}
{"code":"ECONNREFUSED","level":"error","message":"Redis Client Error:","stack":"AggregateError [ECONNREFUSED]: \n    at internalConnectMultiple (node:net:1139:18)\n    at afterConnectMultiple (node:net:1712:7)","timestamp":"2025-11-13 14:14:25"}
{"code":"ECONNREFUSED","level":"error","message":"Redis Client Error:","stack":"AggregateError [ECONNREFUSED]: \n    at internalConnectMultiple (node:net:1139:18)\n    at afterConnectMultiple (node:net:1712:7)","timestamp":"2025-11-13 14:14:25"}
{"code":"ECONNREFUSED","level":"error","message":"Redis Client Error:","stack":"AggregateError [ECONNREFUSED]: \n    at internalConnectMultiple (node:net:1139:18)\n    at afterConnectMultiple (node:net:1712:7)","timestamp":"2025-11-13 14:14:26"}
{"code":"ECONNREFUSED","level":"error","message":"Redis Client Error:","stack":"AggregateError [ECONNREFUSED]: \n    at internalConnectMultiple (node:net:1139:18)\n    at afterConnectMultiple (node:net:1712:7)","timestamp":"2025-11-13 14:14:26"}
{"code":"ECONNREFUSED","level":"error","message":"Redis Client Error:","stack":"AggregateError [ECONNREFUSED]: \n    at internalConnectMultiple (node:net:1139:18)\n    at afterConnectMultiple (node:net:1712:7)","timestamp":"2025-11-13 14:14:27"}
{"code":"ECONNREFUSED","level":"error","message":"Redis Client Error:","stack":"AggregateError [ECONNREFUSED]: \n    at internalConnectMultiple (node:net:1139:18)\n    at afterConnectMultiple (node:net:1712:7)","timestamp":"2025-11-13 14:14:28"}
{"code":"ECONNREFUSED","level":"error","message":"Redis Client Error:","stack":"AggregateError [ECONNREFUSED]: \n    at internalConnectMultiple (node:net:1139:18)\n    at afterConnectMultiple (node:net:1712:7)","timestamp":"2025-11-13 14:14:28"}
{"code":"ECONNREFUSED","level":"error","message":"Redis Client Error:","stack":"AggregateError [ECONNREFUSED]: \n    at internalConnectMultiple (node:net:1139:18)\n    at afterConnectMultiple (node:net:1712:7)","timestamp":"2025-11-13 14:14:29"}
{"code":"ECONNREFUSED","level":"error","message":"Redis Client Error:","stack":"AggregateError [ECONNREFUSED]: \n    at internalConnectMultiple (node:net:1139:18)\n    at afterConnectMultiple (node:net:1712:7)","timestamp":"2025-11-13 14:14:29"}
{"code":"ECONNREFUSED","level":"error","message":"Redis Client Error:","stack":"AggregateError [ECONNREFUSED]: \n    at internalConnectMultiple (node:net:1139:18)\n    at afterConnectMultiple (node:net:1712:7)","timestamp":"2025-11-13 14:14:30"}
{"code":"ECONNREFUSED","level":"error","message":"Redis Client Error:","stack":"AggregateError [ECONNREFUSED]: \n    at internalConnectMultiple (node:net:1139:18)\n    at afterConnectMultiple (node:net:1712:7)","timestamp":"2025-11-13 14:14:30"}
{"code":"ECONNREFUSED","level":"error","message":"Redis Client Error:","stack":"AggregateError [ECONNREFUSED]: \n    at internalConnectMultiple (node:net:1139:18)\n    at afterConnectMultiple (node:net:1712:7)","timestamp":"2025-11-13 14:14:31"}
{"code":"ECONNREFUSED","level":"error","message":"Redis Client Error:","stack":"AggregateError [ECONNREFUSED]: \n    at internalConnectMultiple (node:net:1139:18)\n    at afterConnectMultiple (node:net:1712:7)","timestamp":"2025-11-13 14:14:31"}
{"code":"ECONNREFUSED","level":"error","message":"Redis Client Error:","stack":"AggregateError [ECONNREFUSED]: \n    at internalConnectMultiple (node:net:1139:18)\n    at afterConnectMultiple (node:net:1712:7)","timestamp":"2025-11-13 14:14:32"}
{"code":"ECONNREFUSED","level":"error","message":"Redis Client Error:","stack":"AggregateError [ECONNREFUSED]: \n    at internalConnectMultiple (node:net:1139:18)\n    at afterConnectMultiple (node:net:1712:7)","timestamp":"2025-11-13 14:14:32"}
{"code":"ECONNREFUSED","level":"error","message":"Redis Client Error:","stack":"AggregateError [ECONNREFUSED]: \n    at internalConnectMultiple (node:net:1139:18)\n    at afterConnectMultiple (node:net:1712:7)","timestamp":"2025-11-13 14:14:33"}
{"code":"ECONNREFUSED","level":"error","message":"Redis Client Error:","stack":"AggregateError [ECONNREFUSED]: \n    at internalConnectMultiple (node:net:1139:18)\n    at afterConnectMultiple (node:net:1712:7)","timestamp":"2025-11-13 14:14:33"}
{"code":"ECONNREFUSED","level":"error","message":"Redis Client Error:","stack":"AggregateError [ECONNREFUSED]: \n    at internalConnectMultiple (node:net:1139:18)\n    at afterConnectMultiple (node:net:1712:7)","timestamp":"2025-11-13 14:14:34"}
{"code":"ECONNREFUSED","level":"error","message":"Redis Client Error:","stack":"AggregateError [ECONNREFUSED]: \n    at internalConnectMultiple (node:net:1139:18)\n    at afterConnectMultiple (node:net:1712:7)","timestamp":"2025-11-13 14:14:34"}
{"code":"ECONNREFUSED","level":"error","message":"Redis Client Error:","stack":"AggregateError [ECONNREFUSED]: \n    at internalConnectMultiple (node:net:1139:18)\n    at afterConnectMultiple (node:net:1712:7)","timestamp":"2025-11-13 14:14:35"}
{"code":"ECONNREFUSED","level":"error","message":"Redis Client Error:","stack":"AggregateError [ECONNREFUSED]: \n    at internalConnectMultiple (node:net:1139:18)\n    at afterConnectMultiple (node:net:1712:7)","timestamp":"2025-11-13 14:14:35"}
{"code":"ECONNREFUSED","level":"error","message":"Redis Client Error:","stack":"AggregateError [ECONNREFUSED]: \n    at internalConnectMultiple (node:net:1139:18)\n    at afterConnectMultiple (node:net:1712:7)","timestamp":"2025-11-13 14:14:36"}
{"code":"ECONNREFUSED","level":"error","message":"Redis Client Error:","stack":"AggregateError [ECONNREFUSED]: \n    at internalConnectMultiple (node:net:1139:18)\n    at afterConnectMultiple (node:net:1712:7)","timestamp":"2025-11-13 14:14:36"}
{"code":"ECONNREFUSED","level":"error","message":"Redis Client Error:","stack":"AggregateError [ECONNREFUSED]: \n    at internalConnectMultiple (node:net:1139:18)\n    at afterConnectMultiple (node:net:1712:7)","timestamp":"2025-11-13 14:14:37"}
{"code":"ECONNREFUSED","level":"error","message":"Redis Client Error:","stack":"AggregateError [ECONNREFUSED]: \n    at internalConnectMultiple (node:net:1139:18)\n    at afterConnectMultiple (node:net:1712:7)","timestamp":"2025-11-13 14:14:37"}
{"code":"ECONNREFUSED","level":"error","message":"Redis Client Error:","stack":"AggregateError [ECONNREFUSED]: \n    at internalConnectMultiple (node:net:1139:18)\n    at afterConnectMultiple (node:net:1712:7)","timestamp":"2025-11-13 14:14:38"}
{"code":"ECONNREFUSED","level":"error","message":"Redis Client Error:","stack":"AggregateError [ECONNREFUSED]: \n    at internalConnectMultiple (node:net:1139:18)\n    at afterConnectMultiple (node:net:1712:7)","timestamp":"2025-11-13 14:14:38"}
{"code":"ECONNREFUSED","level":"error","message":"Redis Client Error:","stack":"AggregateError [ECONNREFUSED]: \n    at internalConnectMultiple (node:net:1139:18)\n    at afterConnectMultiple (node:net:1712:7)","timestamp":"2025-11-13 14:14:39"}
{"code":"ECONNREFUSED","level":"error","message":"Redis Client Error:","stack":"AggregateError [ECONNREFUSED]: \n    at internalConnectMultiple (node:net:1139:18)\n    at afterConnectMultiple (node:net:1712:7)","timestamp":"2025-11-13 14:14:39"}
{"code":"ECONNREFUSED","level":"error","message":"Redis Client Error:","stack":"AggregateError [ECONNREFUSED]: \n    at internalConnectMultiple (node:net:1139:18)\n    at afterConnectMultiple (node:net:1712:7)","timestamp":"2025-11-13 14:14:40"}
{"code":"ECONNREFUSED","level":"error","message":"Redis Client Error:","stack":"AggregateError [ECONNREFUSED]: \n    at internalConnectMultiple (node:net:1139:18)\n    at afterConnectMultiple (node:net:1712:7)","timestamp":"2025-11-13 14:14:40"}
{"code":"ECONNREFUSED","level":"error","message":"Redis Client Error:","stack":"AggregateError [ECONNREFUSED]: \n    at internalConnectMultiple (node:net:1139:18)\n    at afterConnectMultiple (node:net:1712:7)","timestamp":"2025-11-13 14:14:41"}
{"code":"ECONNREFUSED","level":"error","message":"Redis Client Error:","stack":"AggregateError [ECONNREFUSED]: \n    at internalConnectMultiple (node:net:1139:18)\n    at afterConnectMultiple (node:net:1712:7)","timestamp":"2025-11-13 14:14:41"}
{"code":"ECONNREFUSED","level":"error","message":"Redis Client Error:","stack":"AggregateError [ECONNREFUSED]: \n    at internalConnectMultiple (node:net:1139:18)\n    at afterConnectMultiple (node:net:1712:7)","timestamp":"2025-11-13 14:14:42"}
{"code":"ECONNREFUSED","level":"error","message":"Redis Client Error:","stack":"AggregateError [ECONNREFUSED]: \n    at internalConnectMultiple (node:net:1139:18)\n    at afterConnectMultiple (node:net:1712:7)","timestamp":"2025-11-13 14:14:42"}
{"code":"ECONNREFUSED","level":"error","message":"Redis Client Error:","stack":"AggregateError [ECONNREFUSED]: \n    at internalConnectMultiple (node:net:1139:18)\n    at afterConnectMultiple (node:net:1712:7)","timestamp":"2025-11-13 14:14:43"}
{"code":"ECONNREFUSED","level":"error","message":"Redis Client Error:","stack":"AggregateError [ECONNREFUSED]: \n    at internalConnectMultiple (node:net:1139:18)\n    at afterConnectMultiple (node:net:1712:7)","timestamp":"2025-11-13 14:14:43"}
{"code":"ECONNREFUSED","level":"error","message":"Redis Client Error:","stack":"AggregateError [ECONNREFUSED]: \n    at internalConnectMultiple (node:net:1139:18)\n    at afterConnectMultiple (node:net:1712:7)","timestamp":"2025-11-13 14:14:44"}
{"code":"ECONNREFUSED","level":"error","message":"Redis Client Error:","stack":"AggregateError [ECONNREFUSED]: \n    at internalConnectMultiple (node:net:1139:18)\n    at afterConnectMultiple (node:net:1712:7)","timestamp":"2025-11-13 14:14:44"}
{"code":"ECONNREFUSED","level":"error","message":"Redis Client Error:","stack":"AggregateError [ECONNREFUSED]: \n    at internalConnectMultiple (node:net:1139:18)\n    at afterConnectMultiple (node:net:1712:7)","timestamp":"2025-11-13 14:14:45"}
{"code":"ECONNREFUSED","level":"error","message":"Redis Client Error:","stack":"AggregateError [ECONNREFUSED]: \n    at internalConnectMultiple (node:net:1139:18)\n    at afterConnectMultiple (node:net:1712:7)","timestamp":"2025-11-13 14:14:45"}
{"code":"ECONNREFUSED","level":"error","message":"Redis Client Error:","stack":"AggregateError [ECONNREFUSED]: \n    at internalConnectMultiple (node:net:1139:18)\n    at afterConnectMultiple (node:net:1712:7)","timestamp":"2025-11-13 14:14:46"}
{"code":"ECONNREFUSED","level":"error","message":"Redis Client Error:","stack":"AggregateError [ECONNREFUSED]: \n    at internalConnectMultiple (node:net:1139:18)\n    at afterConnectMultiple (node:net:1712:7)","timestamp":"2025-11-13 14:14:46"}
{"code":"ECONNREFUSED","level":"error","message":"Redis Client Error:","stack":"AggregateError [ECONNREFUSED]: \n    at internalConnectMultiple (node:net:1139:18)\n    at afterConnectMultiple (node:net:1712:7)","timestamp":"2025-11-13 14:14:47"}
{"code":"ECONNREFUSED","level":"error","message":"Redis Client Error:","stack":"AggregateError [ECONNREFUSED]: \n    at internalConnectMultiple (node:net:1139:18)\n    at afterConnectMultiple (node:net:1712:7)","timestamp":"2025-11-13 14:14:47"}
{"code":"ECONNREFUSED","level":"error","message":"Redis Client Error:","stack":"AggregateError [ECONNREFUSED]: \n    at internalConnectMultiple (node:net:1139:18)\n    at afterConnectMultiple (node:net:1712:7)","timestamp":"2025-11-13 14:14:48"}
{"code":"ECONNREFUSED","level":"error","message":"Redis Client Error:","stack":"AggregateError [ECONNREFUSED]: \n    at internalConnectMultiple (node:net:1139:18)\n    at afterConnectMultiple (node:net:1712:7)","timestamp":"2025-11-13 14:14:49"}
{"code":"ECONNREFUSED","level":"error","message":"Redis Client Error:","stack":"AggregateError [ECONNREFUSED]: \n    at internalConnectMultiple (node:net:1139:18)\n    at afterConnectMultiple (node:net:1712:7)","timestamp":"2025-11-13 14:14:49"}
{"code":"ECONNREFUSED","level":"error","message":"Redis Client Error:","stack":"AggregateError [ECONNREFUSED]: \n    at internalConnectMultiple (node:net:1139:18)\n    at afterConnectMultiple (node:net:1712:7)","timestamp":"2025-11-13 14:14:50"}
{"code":"ECONNREFUSED","level":"error","message":"Redis Client Error:","stack":"AggregateError [ECONNREFUSED]: \n    at internalConnectMultiple (node:net:1139:18)\n    at afterConnectMultiple (node:net:1712:7)","timestamp":"2025-11-13 14:14:50"}
{"code":"ECONNREFUSED","level":"error","message":"Redis Client Error:","stack":"AggregateError [ECONNREFUSED]: \n    at internalConnectMultiple (node:net:1139:18)\n    at afterConnectMultiple (node:net:1712:7)","timestamp":"2025-11-13 14:14:51"}
{"code":"ECONNREFUSED","level":"error","message":"Redis Client Error:","stack":"AggregateError [ECONNREFUSED]: \n    at internalConnectMultiple (node:net:1139:18)\n    at afterConnectMultiple (node:net:1712:7)","timestamp":"2025-11-13 14:14:51"}
{"error":"syntax error at or near \"AUTO_INCREMENT\"","level":"error","message":"Query error:","text":"\n      CREATE TABLE IF NOT EXISTS recipes (\n        id INT AUTO_INCREMENT PRIMARY KEY,\n        house...","timestamp":"2025-11-13 14:29:54"}
{"error":"foreign key constraint \"recipes_household_id_fkey\" cannot be implemented","level":"error","message":"Query error:","text":"\n      CREATE TABLE IF NOT EXISTS recipes (\n        id SERIAL PRIMARY KEY,\n        household_id INTE...","timestamp":"2025-11-13 14:31:04"}
{"error":"column r.created_by does not exist","level":"error","message":"Query error:","text":"\n      SELECT \n        r.*,\n        u.name as created_by_name,\n        u.email as created_by_email,\n...","timestamp":"2025-11-13 15:23:32"}
{"error":"column r.created_by does not exist","level":"error","message":"Query error:","text":"\n      SELECT \n        r.*,\n        u.name as created_by_name,\n        u.email as created_by_email,\n...","timestamp":"2025-11-13 15:23:52"}
{"error":"column r.created_by does not exist","level":"error","message":"Query error:","text":"\n      SELECT \n        r.*,\n        u.name as created_by_name,\n        u.email as created_by_email,\n...","timestamp":"2025-11-13 15:24:30"}
{"error":"column r.created_by does not exist","level":"error","message":"Query error:","text":"\n      SELECT \n        r.*,\n        u.name as created_by_name,\n        u.email as created_by_email,\n...","timestamp":"2025-11-13 15:24:47"}
{"error":"column \"created_by\" does not exist","level":"error","message":"Query error:","text":"CREATE INDEX IF NOT EXISTS idx_recipes_created_by ON recipes(created_by)","timestamp":"2025-11-13 15:24:59"}
{"error":"column u.household_id does not exist","level":"error","message":"Query error:","text":"\n      SELECT u.id, u.name, u.email, h.name as household_name, u.household_id\n      FROM users u\n   ...","timestamp":"2025-11-13 15:35:58"}
{"error":"column u.household_id does not exist","level":"error","message":"Query error:","text":"\n      SELECT u.id, u.name, u.email, h.name as household_name, u.household_id\n      FROM users u\n   ...","timestamp":"2025-11-13 15:39:22"}
{"error":"column \"role\" does not exist","level":"error","message":"Query error:","text":"\n        SELECT name, email, role \n        FROM users \n        WHERE household_id = $1\n        ORDER...","timestamp":"2025-11-13 15:40:14"}
